<?xml version="1.0" encoding="UTF-8"?>
<testsuite xmlns:xsi="http://www.w3.org/2001/XMLSchema-instance" xsi:noNamespaceSchemaLocation="https://maven.apache.org/surefire/maven-surefire-plugin/xsd/surefire-test-report-3.0.xsd" version="3.0" name="com.disys.Packageservice.PackageserviceApplicationTests" time="3.204" tests="1" errors="0" skipped="0" failures="0">
  <properties>
[...]
</properties>
  <testcase name="contextLoads" classname="com.disys.Packageservice.PackageserviceApplicationTests" time="0.009">
    <system-out><![CDATA[20:59:50.234 [main] INFO org.springframework.test.context.support.AnnotationConfigContextLoaderUtils -- Could not detect default configuration classes for test class [com.disys.Packageservice.PackageserviceApplicationTests]: PackageserviceApplicationTests does not declare any static, non-private, non-final, nested classes annotated with @Configuration.
20:59:50.294 [main] INFO org.springframework.boot.test.context.SpringBootTestContextBootstrapper -- Found @SpringBootConfiguration com.disys.Packageservice.PackageserviceApplication for test class com.disys.Packageservice.PackageserviceApplicationTests

  .   ____          _            __ _ _
 /\\ / ___'_ __ _ _(_)_ __  __ _ \ \ \ \
( ( )\___ | '_ | '_| | '_ \/ _` | \ \ \ \
 \\/  ___)| |_)| | | | | || (_| |  ) ) ) )
  '  |____| .__|_| |_|_| |_\__, | / / / /
 =========|_|==============|___/=/_/_/_/
 :: Spring Boot ::                (v3.1.4)

2023-10-08T20:59:50.564+02:00  INFO 696956 --- [           main] c.d.P.PackageserviceApplicationTests     : Starting PackageserviceApplicationTests using Java 17.0.8.1 with PID 696956 (started by deniz in /home/deniz/Desktop/POSTAL/Packageservice)
2023-10-08T20:59:50.565+02:00  INFO 696956 --- [           main] c.d.P.PackageserviceApplicationTests     : No active profile set, falling back to 1 default profile: "default"
2023-10-08T20:59:50.990+02:00  INFO 696956 --- [           main] .s.d.r.c.RepositoryConfigurationDelegate : Bootstrapping Spring Data JPA repositories in DEFAULT mode.
2023-10-08T20:59:51.025+02:00  INFO 696956 --- [           main] .s.d.r.c.RepositoryConfigurationDelegate : Finished Spring Data repository scanning in 29 ms. Found 1 JPA repository interfaces.
2023-10-08T20:59:51.362+02:00  INFO 696956 --- [           main] o.hibernate.jpa.internal.util.LogHelper  : HHH000204: Processing PersistenceUnitInfo [name: default]
2023-10-08T20:59:51.402+02:00  INFO 696956 --- [           main] org.hibernate.Version                    : HHH000412: Hibernate ORM core version 6.2.9.Final
2023-10-08T20:59:51.404+02:00  INFO 696956 --- [           main] org.hibernate.cfg.Environment            : HHH000406: Using bytecode reflection optimizer
2023-10-08T20:59:51.494+02:00  INFO 696956 --- [           main] o.h.b.i.BytecodeProviderInitiator        : HHH000021: Bytecode provider name : bytebuddy
2023-10-08T20:59:51.500+02:00  INFO 696956 --- [           main] o.s.o.j.p.SpringPersistenceUnitInfo      : No LoadTimeWeaver setup: ignoring JPA class transformer
2023-10-08T20:59:51.510+02:00  INFO 696956 --- [           main] com.zaxxer.hikari.HikariDataSource       : HikariPool-1 - Starting...
2023-10-08T20:59:51.645+02:00  INFO 696956 --- [           main] com.zaxxer.hikari.pool.HikariPool        : HikariPool-1 - Added connection org.postgresql.jdbc.PgConnection@b4d83ac
2023-10-08T20:59:51.646+02:00  INFO 696956 --- [           main] com.zaxxer.hikari.HikariDataSource       : HikariPool-1 - Start completed.
2023-10-08T20:59:51.809+02:00  INFO 696956 --- [           main] o.h.b.i.BytecodeProviderInitiator        : HHH000021: Bytecode provider name : bytebuddy
2023-10-08T20:59:52.125+02:00  INFO 696956 --- [           main] o.h.e.t.j.p.i.JtaPlatformInitiator       : HHH000490: Using JtaPlatform implementation: [org.hibernate.engine.transaction.jta.platform.internal.NoJtaPlatform]
2023-10-08T20:59:52.166+02:00  INFO 696956 --- [           main] j.LocalContainerEntityManagerFactoryBean : Initialized JPA EntityManagerFactory for persistence unit 'default'
2023-10-08T20:59:52.346+02:00  INFO 696956 --- [           main] o.s.d.j.r.query.QueryEnhancerFactory     : Hibernate is in classpath; If applicable, HQL parser will be used.
2023-10-08T20:59:52.775+02:00  WARN 696956 --- [           main] JpaBaseConfiguration$JpaWebConfiguration : spring.jpa.open-in-view is enabled by default. Therefore, database queries may be performed during view rendering. Explicitly configure spring.jpa.open-in-view to disable this warning
2023-10-08T20:59:53.284+02:00  INFO 696956 --- [           main] c.d.P.PackageserviceApplicationTests     : Started PackageserviceApplicationTests in 2.9 seconds (process running for 4.417)
Received message: 1
]]></system-out>
  </testcase>
</testsuite>